[2025-06-07 11:51:31,658] ERROR in utils: Form data requires "python-multipart" to be installed. 
You can install "python-multipart" with: 

pip install python-multipart

[2025-06-07 11:56:32,584] INFO in base: select pg_catalog.version()
[2025-06-07 11:56:32,585] INFO in base: [raw sql] ()
[2025-06-07 11:56:32,587] INFO in base: select current_schema()
[2025-06-07 11:56:32,588] INFO in base: [raw sql] ()
[2025-06-07 11:56:32,590] INFO in base: show standard_conforming_strings
[2025-06-07 11:56:32,590] INFO in base: [raw sql] ()
[2025-06-07 11:56:32,592] INFO in base: BEGIN (implicit)
[2025-06-07 11:56:32,599] INFO in base: ROLLBACK
[2025-06-07 11:58:03,314] INFO in base: select pg_catalog.version()
[2025-06-07 11:58:03,314] INFO in base: [raw sql] ()
[2025-06-07 11:58:03,356] INFO in base: select current_schema()
[2025-06-07 11:58:03,357] INFO in base: [raw sql] ()
[2025-06-07 11:58:03,359] INFO in base: show standard_conforming_strings
[2025-06-07 11:58:03,359] INFO in base: [raw sql] ()
[2025-06-07 11:58:03,361] INFO in base: BEGIN (implicit)
[2025-06-07 11:58:03,370] INFO in base: ROLLBACK
[2025-06-07 11:59:21,800] INFO in base: select pg_catalog.version()
[2025-06-07 11:59:21,801] INFO in base: [raw sql] ()
[2025-06-07 11:59:21,803] INFO in base: select current_schema()
[2025-06-07 11:59:21,803] INFO in base: [raw sql] ()
[2025-06-07 11:59:21,805] INFO in base: show standard_conforming_strings
[2025-06-07 11:59:21,805] INFO in base: [raw sql] ()
[2025-06-07 11:59:21,807] INFO in base: BEGIN (implicit)
[2025-06-07 11:59:21,819] INFO in base: SELECT users.id, users.name, users.email, users.hashed_password, users.phone_number, users.avatar_url, users.country, users.city, users.street, users.created_at, users.updated_at 
FROM users 
 LIMIT $1::INTEGER OFFSET $2::INTEGER
[2025-06-07 11:59:21,820] INFO in base: [generated in 0.00082s] (20, 0)
[2025-06-07 11:59:21,825] INFO in base: ROLLBACK
[2025-06-07 12:03:21,346] INFO in base: select pg_catalog.version()
[2025-06-07 12:03:21,346] INFO in base: [raw sql] ()
[2025-06-07 12:03:21,350] INFO in base: select current_schema()
[2025-06-07 12:03:21,350] INFO in base: [raw sql] ()
[2025-06-07 12:03:21,352] INFO in base: show standard_conforming_strings
[2025-06-07 12:03:21,353] INFO in base: [raw sql] ()
[2025-06-07 12:03:21,354] INFO in base: BEGIN (implicit)
[2025-06-07 12:03:21,374] INFO in base: SELECT users.id, users.name, users.email, users.hashed_password, users.phone_number, users.avatar_url, users.country, users.city, users.street, users.created_at, users.updated_at 
FROM users 
WHERE users.email = $1::VARCHAR
[2025-06-07 12:03:21,375] INFO in base: [generated in 0.00104s] ('denisshokolad1221@gmail.com',)
[2025-06-07 12:03:21,385] INFO in base: SELECT users.id, users.name, users.email, users.hashed_password, users.phone_number, users.avatar_url, users.country, users.city, users.street, users.created_at, users.updated_at 
FROM users 
WHERE users.phone_number = $1::VARCHAR
[2025-06-07 12:03:21,386] INFO in base: [generated in 0.00097s] ('0661360680',)
[2025-06-07 12:03:21,549] WARNING in bcrypt: (trapped) error reading bcrypt version
Traceback (most recent call last):
  File "Z:\Work_Space\Full-Stack\Longing-for-heaven-App\backend\.venv\Lib\site-packages\passlib\handlers\bcrypt.py", line 620, in _load_backend_mixin
    version = _bcrypt.__about__.__version__
              ^^^^^^^^^^^^^^^^^
AttributeError: module 'bcrypt' has no attribute '__about__'
[2025-06-07 12:03:21,962] INFO in base: INSERT INTO users (id, name, email, hashed_password, phone_number, avatar_url, country, city, street, created_at, updated_at) VALUES ($1::UUID, $2::VARCHAR, $3::VARCHAR, $4::VARCHAR, $5::VARCHAR, $6::VARCHAR, $7::VARCHAR, $8::VARCHAR, $9::VARCHAR, $10::TIMESTAMP WITHOUT TIME ZONE, $11::TIMESTAMP WITHOUT TIME ZONE)
[2025-06-07 12:03:21,963] INFO in base: [generated in 0.00115s] (UUID('68feea25-1e24-492f-bd2e-435e24e9c9ce'), 'Denis', 'denisshokolad1221@gmail.com', '$2b$12$8T9CNHe2hEWyu69rkwzdmeKmevcZerI.M.ty/gXufcZ18.ORsv75C', '0661360680', 'static/avatars/d-avatar.jpg', None, None, None, datetime.datetime(2025, 6, 7, 9, 3, 21, 962540), datetime.datetime(2025, 6, 7, 9, 3, 21, 962548))
[2025-06-07 12:03:22,007] INFO in base: COMMIT
[2025-06-07 12:03:22,011] INFO in base: BEGIN (implicit)
[2025-06-07 12:03:22,013] INFO in base: SELECT users.id, users.name, users.email, users.hashed_password, users.phone_number, users.avatar_url, users.country, users.city, users.street, users.created_at, users.updated_at 
FROM users 
WHERE users.id = $1::UUID
[2025-06-07 12:03:22,014] INFO in base: [generated in 0.00063s] (UUID('68feea25-1e24-492f-bd2e-435e24e9c9ce'),)
[2025-06-07 12:03:22,018] INFO in base: ROLLBACK
[2025-06-07 12:18:59,022] INFO in login: LOGIN ATTEMPTS FOR IP: 127.0.0.1 - None
[2025-06-07 12:18:59,139] INFO in base: select pg_catalog.version()
[2025-06-07 12:18:59,165] INFO in base: [raw sql] ()
[2025-06-07 12:18:59,168] INFO in base: select current_schema()
[2025-06-07 12:18:59,169] INFO in base: [raw sql] ()
[2025-06-07 12:18:59,170] INFO in base: show standard_conforming_strings
[2025-06-07 12:18:59,171] INFO in base: [raw sql] ()
[2025-06-07 12:18:59,173] INFO in base: BEGIN (implicit)
[2025-06-07 12:18:59,186] INFO in base: SELECT users.id, users.name, users.email, users.hashed_password, users.phone_number, users.avatar_url, users.country, users.city, users.street, users.created_at, users.updated_at 
FROM users 
WHERE users.email = $1::VARCHAR
[2025-06-07 12:18:59,186] INFO in base: [generated in 0.00082s] ('denisshokolad1221@gmail.com',)
[2025-06-07 12:18:59,197] WARNING in bcrypt: (trapped) error reading bcrypt version
Traceback (most recent call last):
  File "Z:\Work_Space\Full-Stack\Longing-for-heaven-App\backend\.venv\Lib\site-packages\passlib\handlers\bcrypt.py", line 620, in _load_backend_mixin
    version = _bcrypt.__about__.__version__
              ^^^^^^^^^^^^^^^^^
AttributeError: module 'bcrypt' has no attribute '__about__'
[2025-06-07 12:18:59,548] INFO in base: ROLLBACK
[2025-06-07 12:22:49,630] INFO in login: LOGIN ATTEMPTS FOR IP: 127.0.0.1 - None
[2025-06-07 12:22:49,736] INFO in base: select pg_catalog.version()
[2025-06-07 12:22:49,737] INFO in base: [raw sql] ()
[2025-06-07 12:22:49,738] INFO in base: select current_schema()
[2025-06-07 12:22:49,739] INFO in base: [raw sql] ()
[2025-06-07 12:22:49,740] INFO in base: show standard_conforming_strings
[2025-06-07 12:22:49,740] INFO in base: [raw sql] ()
[2025-06-07 12:22:49,741] INFO in base: BEGIN (implicit)
[2025-06-07 12:22:49,754] INFO in base: SELECT users.id, users.name, users.email, users.hashed_password, users.phone_number, users.avatar_url, users.country, users.city, users.street, users.created_at, users.updated_at 
FROM users 
WHERE users.email = $1::VARCHAR
[2025-06-07 12:22:49,755] INFO in base: [generated in 0.00064s] ('denisshokolad1221@gmail.com',)
[2025-06-07 12:22:49,763] WARNING in bcrypt: (trapped) error reading bcrypt version
Traceback (most recent call last):
  File "Z:\Work_Space\Full-Stack\Longing-for-heaven-App\backend\.venv\Lib\site-packages\passlib\handlers\bcrypt.py", line 620, in _load_backend_mixin
    version = _bcrypt.__about__.__version__
              ^^^^^^^^^^^^^^^^^
AttributeError: module 'bcrypt' has no attribute '__about__'
[2025-06-07 12:22:50,054] INFO in base: ROLLBACK
[2025-06-07 12:24:09,800] INFO in login: LOGIN ATTEMPTS FOR IP: 127.0.0.1 - None
[2025-06-07 12:24:09,910] INFO in base: select pg_catalog.version()
[2025-06-07 12:24:09,910] INFO in base: [raw sql] ()
[2025-06-07 12:24:09,913] INFO in base: select current_schema()
[2025-06-07 12:24:09,913] INFO in base: [raw sql] ()
[2025-06-07 12:24:09,915] INFO in base: show standard_conforming_strings
[2025-06-07 12:24:09,915] INFO in base: [raw sql] ()
[2025-06-07 12:24:09,917] INFO in base: BEGIN (implicit)
[2025-06-07 12:24:09,934] INFO in base: SELECT users.id, users.name, users.email, users.hashed_password, users.phone_number, users.avatar_url, users.country, users.city, users.street, users.created_at, users.updated_at 
FROM users 
WHERE users.email = $1::VARCHAR
[2025-06-07 12:24:09,935] INFO in base: [generated in 0.00105s] ('denisshokolad1221@gmail.com',)
[2025-06-07 12:24:09,944] WARNING in bcrypt: (trapped) error reading bcrypt version
Traceback (most recent call last):
  File "Z:\Work_Space\Full-Stack\Longing-for-heaven-App\backend\.venv\Lib\site-packages\passlib\handlers\bcrypt.py", line 620, in _load_backend_mixin
    version = _bcrypt.__about__.__version__
              ^^^^^^^^^^^^^^^^^
AttributeError: module 'bcrypt' has no attribute '__about__'
[2025-06-07 12:24:10,318] INFO in base: ROLLBACK
[2025-06-07 12:25:11,934] INFO in base: BEGIN (implicit)
[2025-06-07 12:25:11,937] INFO in base: SELECT users.id AS users_id, users.name AS users_name, users.email AS users_email, users.hashed_password AS users_hashed_password, users.phone_number AS users_phone_number, users.avatar_url AS users_avatar_url, users.country AS users_country, users.city AS users_city, users.street AS users_street, users.created_at AS users_created_at, users.updated_at AS users_updated_at 
FROM users 
WHERE users.id = $1::UUID
[2025-06-07 12:25:11,937] INFO in base: [generated in 0.00069s] ('68feea25-1e24-492f-bd2e-435e24e9c9ce',)
[2025-06-07 12:25:11,944] INFO in base: SELECT products.id AS products_id, products.user_id AS products_user_id, products.name AS products_name, products.description AS products_description, products.price AS products_price, products.stock AS products_stock, products.created_at AS products_created_at, products.updated_at AS products_updated_at 
FROM products 
WHERE $1::UUID = products.user_id
[2025-06-07 12:25:11,944] INFO in base: [generated in 0.00073s] (UUID('68feea25-1e24-492f-bd2e-435e24e9c9ce'),)
[2025-06-07 12:25:11,951] INFO in base: DELETE FROM users WHERE users.id = $1::UUID
[2025-06-07 12:25:11,951] INFO in base: [generated in 0.00064s] (UUID('68feea25-1e24-492f-bd2e-435e24e9c9ce'),)
[2025-06-07 12:25:11,960] INFO in base: COMMIT
[2025-06-07 12:25:32,220] INFO in login: LOGIN ATTEMPTS FOR IP: 127.0.0.1 - None
[2025-06-07 12:25:32,221] INFO in base: BEGIN (implicit)
[2025-06-07 12:25:32,222] INFO in base: SELECT users.id, users.name, users.email, users.hashed_password, users.phone_number, users.avatar_url, users.country, users.city, users.street, users.created_at, users.updated_at 
FROM users 
WHERE users.email = $1::VARCHAR
[2025-06-07 12:25:32,222] INFO in base: [cached since 82.29s ago] ('denisshokolad1221@gmail.com',)
[2025-06-07 12:25:32,227] INFO in base: ROLLBACK
[2025-06-07 12:25:50,512] INFO in login: LOGIN ATTEMPTS FOR IP: 127.0.0.1 - 1
[2025-06-07 12:25:50,513] INFO in base: BEGIN (implicit)
[2025-06-07 12:25:50,514] INFO in base: SELECT users.id, users.name, users.email, users.hashed_password, users.phone_number, users.avatar_url, users.country, users.city, users.street, users.created_at, users.updated_at 
FROM users 
WHERE users.email = $1::VARCHAR
[2025-06-07 12:25:50,515] INFO in base: [cached since 100.6s ago] ('denisshokolad1221@gmail.com',)
[2025-06-07 12:25:50,518] INFO in base: ROLLBACK
[2025-06-07 12:25:55,711] INFO in login: LOGIN ATTEMPTS FOR IP: 127.0.0.1 - 2
[2025-06-07 12:25:55,712] INFO in base: BEGIN (implicit)
[2025-06-07 12:25:55,713] INFO in base: SELECT users.id, users.name, users.email, users.hashed_password, users.phone_number, users.avatar_url, users.country, users.city, users.street, users.created_at, users.updated_at 
FROM users 
WHERE users.email = $1::VARCHAR
[2025-06-07 12:25:55,715] INFO in base: [cached since 105.8s ago] ('denisshokolad1221@gmail.com',)
[2025-06-07 12:25:55,719] INFO in base: ROLLBACK
[2025-06-07 12:25:56,939] INFO in login: LOGIN ATTEMPTS FOR IP: 127.0.0.1 - 3
[2025-06-07 12:25:56,940] INFO in base: BEGIN (implicit)
[2025-06-07 12:25:56,941] INFO in base: SELECT users.id, users.name, users.email, users.hashed_password, users.phone_number, users.avatar_url, users.country, users.city, users.street, users.created_at, users.updated_at 
FROM users 
WHERE users.email = $1::VARCHAR
[2025-06-07 12:25:56,941] INFO in base: [cached since 107s ago] ('denisshokolad1221@gmail.com',)
[2025-06-07 12:25:56,944] INFO in base: ROLLBACK
[2025-06-07 12:25:58,276] INFO in login: LOGIN ATTEMPTS FOR IP: 127.0.0.1 - 4
[2025-06-07 12:25:58,278] INFO in base: BEGIN (implicit)
[2025-06-07 12:25:58,279] INFO in base: SELECT users.id, users.name, users.email, users.hashed_password, users.phone_number, users.avatar_url, users.country, users.city, users.street, users.created_at, users.updated_at 
FROM users 
WHERE users.email = $1::VARCHAR
[2025-06-07 12:25:58,281] INFO in base: [cached since 108.3s ago] ('denisshokolad1221@gmail.com',)
[2025-06-07 12:25:58,286] INFO in base: ROLLBACK
[2025-06-07 12:26:00,172] INFO in login: LOGIN ATTEMPTS FOR IP: 127.0.0.1 - 5
[2025-06-07 12:26:00,173] INFO in base: BEGIN (implicit)
[2025-06-07 12:26:00,174] INFO in base: SELECT users.id, users.name, users.email, users.hashed_password, users.phone_number, users.avatar_url, users.country, users.city, users.street, users.created_at, users.updated_at 
FROM users 
WHERE users.email = $1::VARCHAR
[2025-06-07 12:26:00,175] INFO in base: [cached since 110.2s ago] ('denisshokolad1221@gmail.com',)
[2025-06-07 12:26:00,177] INFO in base: ROLLBACK
[2025-06-07 12:26:02,199] INFO in login: LOGIN ATTEMPTS FOR IP: 127.0.0.1 - 6
[2025-06-07 12:26:06,400] INFO in login: LOGIN ATTEMPTS FOR IP: 127.0.0.1 - 6
[2025-06-07 12:26:09,094] INFO in login: LOGIN ATTEMPTS FOR IP: 127.0.0.1 - 6
[2025-06-07 12:26:15,271] INFO in login: LOGIN ATTEMPTS FOR IP: 127.0.0.1 - 6
[2025-06-07 16:33:57,986] INFO in login: LOGIN ATTEMPTS FOR IP: 127.0.0.1 - None
[2025-06-07 16:33:58,194] INFO in base: select pg_catalog.version()
[2025-06-07 16:33:58,194] INFO in base: [raw sql] ()
[2025-06-07 16:33:58,199] INFO in base: select current_schema()
[2025-06-07 16:33:58,200] INFO in base: [raw sql] ()
[2025-06-07 16:33:58,203] INFO in base: show standard_conforming_strings
[2025-06-07 16:33:58,204] INFO in base: [raw sql] ()
[2025-06-07 16:33:58,207] INFO in base: BEGIN (implicit)
[2025-06-07 16:33:58,219] INFO in base: SELECT users.id, users.name, users.email, users.hashed_password, users.phone_number, users.avatar_url, users.country, users.city, users.street, users.created_at, users.updated_at 
FROM users 
WHERE users.email = $1::VARCHAR
[2025-06-07 16:33:58,221] INFO in base: [generated in 0.00176s] ('denisshokolad1221@gmail.com',)
[2025-06-07 16:33:58,233] INFO in base: ROLLBACK
[2025-06-07 16:34:07,965] INFO in base: BEGIN (implicit)
[2025-06-07 16:34:07,968] INFO in base: SELECT users.id, users.name, users.email, users.hashed_password, users.phone_number, users.avatar_url, users.country, users.city, users.street, users.created_at, users.updated_at 
FROM users 
 LIMIT $1::INTEGER OFFSET $2::INTEGER
[2025-06-07 16:34:07,968] INFO in base: [generated in 0.00068s] (20, 0)
[2025-06-07 16:34:07,972] INFO in base: ROLLBACK
[2025-06-07 16:34:41,027] INFO in base: BEGIN (implicit)
[2025-06-07 16:34:41,028] INFO in base: SELECT users.id, users.name, users.email, users.hashed_password, users.phone_number, users.avatar_url, users.country, users.city, users.street, users.created_at, users.updated_at 
FROM users 
WHERE users.email = $1::VARCHAR
[2025-06-07 16:34:41,028] INFO in base: [cached since 42.81s ago] ('denisshookolad1221@gmail.com',)
[2025-06-07 16:34:41,030] INFO in base: SELECT users.id, users.name, users.email, users.hashed_password, users.phone_number, users.avatar_url, users.country, users.city, users.street, users.created_at, users.updated_at 
FROM users 
WHERE users.phone_number = $1::VARCHAR
[2025-06-07 16:34:41,031] INFO in base: [generated in 0.00065s] ('0661360680',)
[2025-06-07 16:34:41,104] WARNING in bcrypt: (trapped) error reading bcrypt version
Traceback (most recent call last):
  File "Z:\Work_Space\Full-Stack\Longing-for-heaven-App\backend\.venv\Lib\site-packages\passlib\handlers\bcrypt.py", line 620, in _load_backend_mixin
    version = _bcrypt.__about__.__version__
              ^^^^^^^^^^^^^^^^^
AttributeError: module 'bcrypt' has no attribute '__about__'
[2025-06-07 16:34:41,574] INFO in base: INSERT INTO users (id, name, email, hashed_password, phone_number, avatar_url, country, city, street, created_at, updated_at) VALUES ($1::UUID, $2::VARCHAR, $3::VARCHAR, $4::VARCHAR, $5::VARCHAR, $6::VARCHAR, $7::VARCHAR, $8::VARCHAR, $9::VARCHAR, $10::TIMESTAMP WITHOUT TIME ZONE, $11::TIMESTAMP WITHOUT TIME ZONE)
[2025-06-07 16:34:41,575] INFO in base: [generated in 0.00136s] (UUID('77a3ee8f-1251-4c88-9889-ff132cf8c944'), 'Denis', 'denisshookolad1221@gmail.com', '$2b$12$Z0UFbdh.mXqN7VTUqXpTTOIZcg74uYvzwxFA4IZ8F4o.pW03VtnPm', '0661360680', 'static/avatars/d-avatar.jpg', 'string', 'string', 'string', datetime.datetime(2025, 6, 7, 13, 34, 41, 573953), datetime.datetime(2025, 6, 7, 13, 34, 41, 573960))
[2025-06-07 16:34:41,609] INFO in base: COMMIT
[2025-06-07 16:34:41,612] INFO in base: BEGIN (implicit)
[2025-06-07 16:34:41,614] INFO in base: SELECT users.id, users.name, users.email, users.hashed_password, users.phone_number, users.avatar_url, users.country, users.city, users.street, users.created_at, users.updated_at 
FROM users 
WHERE users.id = $1::UUID
[2025-06-07 16:34:41,615] INFO in base: [generated in 0.00060s] (UUID('77a3ee8f-1251-4c88-9889-ff132cf8c944'),)
[2025-06-07 16:34:41,619] INFO in base: ROLLBACK
[2025-06-07 16:34:49,239] INFO in login: LOGIN ATTEMPTS FOR IP: 127.0.0.1 - 1
[2025-06-07 16:34:49,240] INFO in base: BEGIN (implicit)
[2025-06-07 16:34:49,241] INFO in base: SELECT users.id, users.name, users.email, users.hashed_password, users.phone_number, users.avatar_url, users.country, users.city, users.street, users.created_at, users.updated_at 
FROM users 
WHERE users.email = $1::VARCHAR
[2025-06-07 16:34:49,241] INFO in base: [cached since 51.02s ago] ('denisshokolad1221@gmail.com',)
[2025-06-07 16:34:49,244] INFO in base: ROLLBACK
[2025-06-07 16:35:06,119] INFO in login: LOGIN ATTEMPTS FOR IP: 127.0.0.1 - 2
[2025-06-07 16:35:06,121] INFO in base: BEGIN (implicit)
[2025-06-07 16:35:06,121] INFO in base: SELECT users.id, users.name, users.email, users.hashed_password, users.phone_number, users.avatar_url, users.country, users.city, users.street, users.created_at, users.updated_at 
FROM users 
WHERE users.email = $1::VARCHAR
[2025-06-07 16:35:06,122] INFO in base: [cached since 67.9s ago] ('denisshookolad1221@gmail.com',)
[2025-06-07 16:35:06,506] INFO in base: ROLLBACK
[2025-06-07 16:35:13,295] INFO in base: BEGIN (implicit)
[2025-06-07 16:35:13,296] INFO in base: SELECT users.id, users.name, users.email, users.hashed_password, users.phone_number, users.avatar_url, users.country, users.city, users.street, users.created_at, users.updated_at 
FROM users 
 LIMIT $1::INTEGER OFFSET $2::INTEGER
[2025-06-07 16:35:13,297] INFO in base: [cached since 65.33s ago] (20, 0)
[2025-06-07 16:35:13,299] INFO in base: ROLLBACK
[2025-06-07 16:36:29,905] INFO in base: select pg_catalog.version()
[2025-06-07 16:36:29,906] INFO in base: [raw sql] ()
[2025-06-07 16:36:29,908] INFO in base: select current_schema()
[2025-06-07 16:36:29,909] INFO in base: [raw sql] ()
[2025-06-07 16:36:29,911] INFO in base: show standard_conforming_strings
[2025-06-07 16:36:29,912] INFO in base: [raw sql] ()
[2025-06-07 16:36:29,913] INFO in base: BEGIN (implicit)
[2025-06-07 16:36:29,931] INFO in base: SELECT users.id AS users_id, users.name AS users_name, users.email AS users_email, users.hashed_password AS users_hashed_password, users.phone_number AS users_phone_number, users.avatar_url AS users_avatar_url, users.country AS users_country, users.city AS users_city, users.street AS users_street, users.created_at AS users_created_at, users.updated_at AS users_updated_at 
FROM users 
WHERE users.id = $1::UUID
[2025-06-07 16:36:29,932] INFO in base: [generated in 0.00104s] (UUID('77a3ee8f-1251-4c88-9889-ff132cf8c944'),)
[2025-06-07 16:36:29,945] INFO in base: ROLLBACK
